  UserInterface.cpp
C:\Users\gigel\source\repos\Project90\Project90\UserInterface.cpp(32,18): warning C4566: character represented by universal-character-name '\u0103' cannot be represented in the current code page (1252)
C:\Users\gigel\source\repos\Project90\Project90\UserInterface.cpp(32,18): warning C4566: character represented by universal-character-name '\u0219' cannot be represented in the current code page (1252)
C:\Users\gigel\source\repos\Project90\Project90\UserInterface.cpp(33,18): warning C4566: character represented by universal-character-name '\u0219' cannot be represented in the current code page (1252)
C:\Users\gigel\source\repos\Project90\Project90\UserInterface.cpp(33,18): warning C4566: character represented by universal-character-name '\u0103' cannot be represented in the current code page (1252)
C:\Users\gigel\source\repos\Project90\Project90\UserInterface.cpp(62,54): warning C4267: '=': conversion from 'size_t' to 'int', possible loss of data
C:\Users\gigel\source\repos\Project90\Project90\UserInterface.cpp(69,18): warning C4566: character represented by universal-character-name '\u021B' cannot be represented in the current code page (1252)
C:\Users\gigel\source\repos\Project90\Project90\UserInterface.cpp(140,18): warning C4566: character represented by universal-character-name '\u021B' cannot be represented in the current code page (1252)
C:\Users\gigel\source\repos\Project90\Project90\UserInterface.cpp(141,18): warning C4566: character represented by universal-character-name '\u0103' cannot be represented in the current code page (1252)
C:\Users\gigel\source\repos\Project90\Project90\UserInterface.cpp(142,18): warning C4566: character represented by universal-character-name '\u0219' cannot be represented in the current code page (1252)
C:\Users\gigel\source\repos\Project90\Project90\UserInterface.cpp(142,18): warning C4566: character represented by universal-character-name '\u021B' cannot be represented in the current code page (1252)
C:\Users\gigel\source\repos\Project90\Project90\UserInterface.cpp(143,18): warning C4566: character represented by universal-character-name '\u0219' cannot be represented in the current code page (1252)
C:\Users\gigel\source\repos\Project90\Project90\UserInterface.cpp(143,18): warning C4566: character represented by universal-character-name '\u0103' cannot be represented in the current code page (1252)
C:\Users\gigel\source\repos\Project90\Project90\UserInterface.cpp(144,18): warning C4566: character represented by universal-character-name '\u0103' cannot be represented in the current code page (1252)
C:\Users\gigel\source\repos\Project90\Project90\UserInterface.cpp(145,18): warning C4566: character represented by universal-character-name '\u0219' cannot be represented in the current code page (1252)
C:\Users\gigel\source\repos\Project90\Project90\UserInterface.cpp(146,18): warning C4566: character represented by universal-character-name '\u021B' cannot be represented in the current code page (1252)
C:\Users\gigel\source\repos\Project90\Project90\UserInterface.cpp(163,22): warning C4566: character represented by universal-character-name '\u021B' cannot be represented in the current code page (1252)
C:\Users\gigel\source\repos\Project90\Project90\UserInterface.cpp(163,22): warning C4566: character represented by universal-character-name '\u0219' cannot be represented in the current code page (1252)
C:\Users\gigel\source\repos\Project90\Project90\UserInterface.cpp(178,22): warning C4566: character represented by universal-character-name '\u0219' cannot be represented in the current code page (1252)
C:\Users\gigel\source\repos\Project90\Project90\UserInterface.cpp(182,22): warning C4566: character represented by universal-character-name '\u021B' cannot be represented in the current code page (1252)
C:\Users\gigel\source\repos\Project90\Project90\UserInterface.cpp(182,22): warning C4566: character represented by universal-character-name '\u0103' cannot be represented in the current code page (1252)
  Project90.vcxproj -> C:\Users\gigel\source\repos\Project90\x64\Debug\Project90.exe
